#
# There is insufficient memory for the Java Runtime Environment to continue.
# Native memory allocation (malloc) failed to allocate 1431830528 bytes for committing reserved memory.
# Possible reasons:
#   The system is out of physical RAM or swap space
#   In 32 bit mode, the process size limit was hit
# Possible solutions:
#   Reduce memory load on the system
#   Increase physical memory or swap space
#   Check if swap backing store is full
#   Use 64 bit Java on a 64 bit OS
#   Decrease Java heap size (-Xmx/-Xms)
#   Decrease number of Java threads
#   Decrease Java thread stack sizes (-Xss)
#   Set larger code cache with -XX:ReservedCodeCacheSize=
# This output file may be truncated or incomplete.
#
#  Out of Memory Error (os_linux.cpp:2798), pid=21308, tid=3059297088
#
# JRE version:  (7.0_65-b32) (build )
# Java VM: OpenJDK Server VM (24.65-b04 mixed mode linux-x86 )
# Derivative: IcedTea 2.5.3
# Distribution: Ubuntu 12.04 LTS, package 7u71-2.5.3-0ubuntu0.12.04.1
# Failed to write core dump. Core dumps have been disabled. To enable core dumping, try "ulimit -c unlimited" before starting Java again
#

---------------  T H R E A D  ---------------

Current thread (0xb6407400):  JavaThread "Unknown thread" [_thread_in_vm, id=21309, stack(0xb6542000,0xb6593000)]

Stack: [0xb6542000,0xb6593000]

[error occurred during error reporting (printing native stack), id 0xb]


---------------  P R O C E S S  ---------------

Java Threads: ( => current thread )

Other Threads:

=>0xb6407400 (exited) JavaThread "Unknown thread" [_thread_in_vm, id=21309, stack(0xb6542000,0xb6593000)]

VM state:not at safepoint (not fully initialized)

VM Mutex/Monitor currently owned by a thread: None

GC Heap History (0 events):
No events

Deoptimization events (0 events):
No events

Internal exceptions (0 events):
No events

Events (0 events):
No events


Dynamic libraries:
08048000-08049000 r-xp 00000000 00:11 1614862    /usr/lib/jvm/java-7-openjdk-i386/jre/bin/java
08049000-0804a000 r--p 00000000 00:11 1614862    /usr/lib/jvm/java-7-openjdk-i386/jre/bin/java
0804a000-0804b000 rw-p 00001000 00:11 1614862    /usr/lib/jvm/java-7-openjdk-i386/jre/bin/java
08209000-0822a000 rw-p 00000000 00:00 0          [heap]
2aebf000-2b1a9000 rw-p 00000000 00:00 0 
2b1a9000-2b300000 rw-p 00000000 00:00 0 
2b300000-33300000 rw-p 00000000 00:00 0 
88880000-b3349000 rw-p 00000000 00:00 0 
b3349000-b3400000 rw-p 00000000 00:00 0 
b3400000-b3640000 rwxp 00000000 00:00 0 
b3640000-b6421000 rw-p 00000000 00:00 0 
b6421000-b6500000 ---p 00000000 00:00 0 
b6506000-b650e000 r-xp 00000000 00:11 1614840    /usr/lib/jvm/java-7-openjdk-i386/jre/lib/i386/libzip.so
b650e000-b650f000 r--p 00007000 00:11 1614840    /usr/lib/jvm/java-7-openjdk-i386/jre/lib/i386/libzip.so
b650f000-b6510000 rw-p 00008000 00:11 1614840    /usr/lib/jvm/java-7-openjdk-i386/jre/lib/i386/libzip.so
b6510000-b6537000 r-xp 00000000 00:11 1614822    /usr/lib/jvm/java-7-openjdk-i386/jre/lib/i386/libjava.so
b6537000-b6538000 r--p 00026000 00:11 1614822    /usr/lib/jvm/java-7-openjdk-i386/jre/lib/i386/libjava.so
b6538000-b6539000 rw-p 00027000 00:11 1614822    /usr/lib/jvm/java-7-openjdk-i386/jre/lib/i386/libjava.so
b6539000-b6540000 r-xp 00000000 00:11 1180191    /lib/i386-linux-gnu/librt-2.15.so
b6540000-b6541000 r--p 00006000 00:11 1180191    /lib/i386-linux-gnu/librt-2.15.so
b6541000-b6542000 rw-p 00007000 00:11 1180191    /lib/i386-linux-gnu/librt-2.15.so
b6542000-b6545000 ---p 00000000 00:00 0 
b6545000-b6593000 rw-p 00000000 00:00 0 
b6593000-b65af000 r-xp 00000000 00:11 660227     /lib/i386-linux-gnu/libgcc_s.so.1
b65af000-b65b0000 r--p 0001b000 00:11 660227     /lib/i386-linux-gnu/libgcc_s.so.1
b65b0000-b65b1000 rw-p 0001c000 00:11 660227     /lib/i386-linux-gnu/libgcc_s.so.1
b65b1000-b65db000 r-xp 00000000 00:11 1180185    /lib/i386-linux-gnu/libm-2.15.so
b65db000-b65dc000 r--p 00029000 00:11 1180185    /lib/i386-linux-gnu/libm-2.15.so
b65dc000-b65dd000 rw-p 0002a000 00:11 1180185    /lib/i386-linux-gnu/libm-2.15.so
b65dd000-b66c5000 r-xp 00000000 00:11 660261     /usr/lib/i386-linux-gnu/libstdc++.so.6.0.20
b66c5000-b66c9000 r--p 000e8000 00:11 660261     /usr/lib/i386-linux-gnu/libstdc++.so.6.0.20
b66c9000-b66ca000 rw-p 000ec000 00:11 660261     /usr/lib/i386-linux-gnu/libstdc++.so.6.0.20
b66ca000-b66d1000 rw-p 00000000 00:00 0 
b66d1000-b7092000 r-xp 00000000 00:11 1614816    /usr/lib/jvm/java-7-openjdk-i386/jre/lib/i386/server/libjvm.so
b7092000-b70e7000 r--p 009c1000 00:11 1614816    /usr/lib/jvm/java-7-openjdk-i386/jre/lib/i386/server/libjvm.so
b70e7000-b70fb000 rw-p 00a16000 00:11 1614816    /usr/lib/jvm/java-7-openjdk-i386/jre/lib/i386/server/libjvm.so
b70fb000-b7519000 rw-p 00000000 00:00 0 
b7519000-b752d000 r-xp 00000000 00:11 8437       /lib/i386-linux-gnu/libz.so.1.2.3.4
b752d000-b752e000 r--p 00013000 00:11 8437       /lib/i386-linux-gnu/libz.so.1.2.3.4
b752e000-b752f000 rw-p 00014000 00:11 8437       /lib/i386-linux-gnu/libz.so.1.2.3.4
b752f000-b7546000 r-xp 00000000 00:11 1180183    /lib/i386-linux-gnu/libpthread-2.15.so
b7546000-b7547000 r--p 00016000 00:11 1180183    /lib/i386-linux-gnu/libpthread-2.15.so
b7547000-b7548000 rw-p 00017000 00:11 1180183    /lib/i386-linux-gnu/libpthread-2.15.so
b7548000-b754a000 rw-p 00000000 00:00 0 
b754a000-b754d000 r-xp 00000000 00:11 1180173    /lib/i386-linux-gnu/libdl-2.15.so
b754d000-b754e000 r--p 00002000 00:11 1180173    /lib/i386-linux-gnu/libdl-2.15.so
b754e000-b754f000 rw-p 00003000 00:11 1180173    /lib/i386-linux-gnu/libdl-2.15.so
b7550000-b7558000 rw-s 00000000 08:02 2490648    /tmp/hsperfdata_vsauly/21308
b7558000-b7564000 r-xp 00000000 00:11 1201518    /lib/i386-linux-gnu/libnss_ldap.so.2
b7564000-b7565000 r--p 0000b000 00:11 1201518    /lib/i386-linux-gnu/libnss_ldap.so.2
b7565000-b7566000 rw-p 0000c000 00:11 1201518    /lib/i386-linux-gnu/libnss_ldap.so.2
b7566000-b7571000 r-xp 00000000 00:11 1180182    /lib/i386-linux-gnu/libnss_files-2.15.so
b7571000-b7572000 r--p 0000a000 00:11 1180182    /lib/i386-linux-gnu/libnss_files-2.15.so
b7572000-b7573000 rw-p 0000b000 00:11 1180182    /lib/i386-linux-gnu/libnss_files-2.15.so
b7573000-b7574000 rw-p 00000000 00:00 0 
b7574000-b7575000 r--p 00000000 00:00 0 
b7575000-b7581000 r-xp 00000000 00:11 1614832    /usr/lib/jvm/java-7-openjdk-i386/jre/lib/i386/libverify.so
b7581000-b7582000 r--p 0000b000 00:11 1614832    /usr/lib/jvm/java-7-openjdk-i386/jre/lib/i386/libverify.so
b7582000-b7583000 rw-p 0000c000 00:11 1614832    /usr/lib/jvm/java-7-openjdk-i386/jre/lib/i386/libverify.so
b7583000-b7727000 r-xp 00000000 00:11 1180164    /lib/i386-linux-gnu/libc-2.15.so
b7727000-b7729000 r--p 001a4000 00:11 1180164    /lib/i386-linux-gnu/libc-2.15.so
b7729000-b772a000 rw-p 001a6000 00:11 1180164    /lib/i386-linux-gnu/libc-2.15.so
b772a000-b772d000 rw-p 00000000 00:00 0 
b772d000-b773a000 r-xp 00000000 00:11 1614823    /usr/lib/jvm/java-7-openjdk-i386/jre/lib/i386/jli/libjli.so
b773a000-b773b000 r--p 0000c000 00:11 1614823    /usr/lib/jvm/java-7-openjdk-i386/jre/lib/i386/jli/libjli.so
b773b000-b773c000 rw-p 0000d000 00:11 1614823    /usr/lib/jvm/java-7-openjdk-i386/jre/lib/i386/jli/libjli.so
b773c000-b773f000 rw-p 00000000 00:00 0 
b773f000-b7740000 r-xp 00000000 00:00 0          [vdso]
b7740000-b7760000 r-xp 00000000 00:11 1180189    /lib/i386-linux-gnu/ld-2.15.so
b7760000-b7761000 r--p 0001f000 00:11 1180189    /lib/i386-linux-gnu/ld-2.15.so
b7761000-b7762000 rw-p 00020000 00:11 1180189    /lib/i386-linux-gnu/ld-2.15.so
bff85000-bff86000 rwxp 00000000 00:00 0 
bffb8000-bffd9000 rw-p 00000000 00:00 0          [stack]

VM Arguments:
jvm_args: -Xms2g -Xmx2g 
java_command: <unknown>
Launcher Type: SUN_STANDARD

Environment Variables:
PATH=/usr/lib/lightdm/lightdm:/usr/local/sbin:/usr/local/bin:/usr/sbin:/usr/bin:/sbin:/bin:/usr/games
LD_LIBRARY_PATH=/usr/lib/jvm/java-7-openjdk-i386/jre/lib/i386/server:/usr/lib/jvm/java-7-openjdk-i386/jre/lib/i386:/usr/lib/jvm/java-7-openjdk-i386/jre/../lib/i386:/usr/lib/R/lib:/lib:/usr/lib/jvm/java-6-openjdk-i386/jre/lib/i386/server
SHELL=/usr/local/bin/bash
DISPLAY=:1

Signal Handlers:
SIGSEGV: [libjvm.so+0x80a100], sa_mask[0]=0x7ffbfeff, sa_flags=0x10000004
SIGBUS: [libjvm.so+0x80a100], sa_mask[0]=0x7ffbfeff, sa_flags=0x10000004
SIGFPE: [libjvm.so+0x675010], sa_mask[0]=0x7ffbfeff, sa_flags=0x10000004
SIGPIPE: [libjvm.so+0x675010], sa_mask[0]=0x7ffbfeff, sa_flags=0x10000004
SIGXFSZ: [libjvm.so+0x675010], sa_mask[0]=0x7ffbfeff, sa_flags=0x10000004
SIGILL: [libjvm.so+0x675010], sa_mask[0]=0x7ffbfeff, sa_flags=0x10000004
SIGUSR1: SIG_DFL, sa_mask[0]=0x00000000, sa_flags=0x00000000
SIGUSR2: [libjvm.so+0x6752c0], sa_mask[0]=0x00000000, sa_flags=0x10000004
SIGHUP: SIG_DFL, sa_mask[0]=0x00000000, sa_flags=0x00000000
SIGINT: SIG_DFL, sa_mask[0]=0x00000000, sa_flags=0x00000000
SIGTERM: SIG_DFL, sa_mask[0]=0x00000000, sa_flags=0x00000000
SIGQUIT: SIG_DFL, sa_mask[0]=0x00000000, sa_flags=0x00000000
SIGTRAP: SIG_DFL, sa_mask[0]=0x00000000, sa_flags=0x00000000


---------------  S Y S T E M  ---------------

OS:Ubuntu 12.04 (precise)
uname:Linux 3.2.0-29-generic-pae #46-Ubuntu SMP Fri Jul 27 17:25:43 UTC 2012 i686
libc:glibc 2.15 NPTL 2.15 
rlimit: STACK 8192k, CORE 0k, NPROC 4000, NOFILE 4096, AS infinity
load average:0.55 0.76 2.06

/proc/meminfo:
MemTotal:        3834228 kB
MemFree:          279724 kB
Buffers:          101264 kB
Cached:           937676 kB
SwapCached:            0 kB
Active:          2410408 kB
Inactive:         524380 kB
Active(anon):    1898984 kB
Inactive(anon):    11104 kB
Active(file):     511424 kB
Inactive(file):   513276 kB
Unevictable:           0 kB
Mlocked:               0 kB
HighTotal:       2993332 kB
HighFree:          37172 kB
LowTotal:         840896 kB
LowFree:          242552 kB
SwapTotal:             0 kB
SwapFree:              0 kB
Dirty:               240 kB
Writeback:             0 kB
AnonPages:       1895676 kB
Mapped:           173864 kB
Shmem:             14424 kB
Slab:             117120 kB
SReclaimable:      84580 kB
SUnreclaim:        32540 kB
KernelStack:        5448 kB
PageTables:        17508 kB
NFS_Unstable:        448 kB
Bounce:                0 kB
WritebackTmp:          0 kB
CommitLimit:     1917112 kB
Committed_AS:    7044524 kB
VmallocTotal:     122880 kB
VmallocUsed:       58384 kB
VmallocChunk:      44820 kB
HardwareCorrupted:     0 kB
AnonHugePages:         0 kB
HugePages_Total:       0
HugePages_Free:        0
HugePages_Rsvd:        0
HugePages_Surp:        0
Hugepagesize:       2048 kB
DirectMap4k:       79864 kB
DirectMap2M:      833536 kB


CPU:total 2 (2 cores per cpu, 1 threads per core) family 6 model 23 stepping 10, cmov, cx8, fxsr, mmx, sse, sse2, sse3, ssse3, sse4.1, tsc

/proc/cpuinfo:
processor	: 0
vendor_id	: GenuineIntel
cpu family	: 6
model		: 23
model name	: Intel(R) Core(TM)2 Duo CPU     E7600  @ 3.06GHz
stepping	: 10
microcode	: 0xa07
cpu MHz		: 3059.000
cache size	: 3072 KB
physical id	: 0
siblings	: 2
core id		: 0
cpu cores	: 2
apicid		: 0
initial apicid	: 0
fdiv_bug	: no
hlt_bug		: no
f00f_bug	: no
coma_bug	: no
fpu		: yes
fpu_exception	: yes
cpuid level	: 13
wp		: yes
flags		: fpu vme de pse tsc msr pae mce cx8 apic sep mtrr pge mca cmov pat pse36 clflush dts acpi mmx fxsr sse sse2 ss ht tm pbe nx lm constant_tsc arch_perfmon pebs bts aperfmperf pni dtes64 monitor ds_cpl vmx est tm2 ssse3 cx16 xtpr pdcm sse4_1 xsave lahf_lm dtherm tpr_shadow vnmi flexpriority
bogomips	: 6102.93
clflush size	: 64
cache_alignment	: 64
address sizes	: 36 bits physical, 48 bits virtual
power management:

processor	: 1
vendor_id	: GenuineIntel
cpu family	: 6
model		: 23
model name	: Intel(R) Core(TM)2 Duo CPU     E7600  @ 3.06GHz
stepping	: 10
microcode	: 0xa07
cpu MHz		: 3059.000
cache size	: 3072 KB
physical id	: 0
siblings	: 2
core id		: 1
cpu cores	: 2
apicid		: 1
initial apicid	: 1
fdiv_bug	: no
hlt_bug		: no
f00f_bug	: no
coma_bug	: no
fpu		: yes
fpu_exception	: yes
cpuid level	: 13
wp		: yes
flags		: fpu vme de pse tsc msr pae mce cx8 apic sep mtrr pge mca cmov pat pse36 clflush dts acpi mmx fxsr sse sse2 ss ht tm pbe nx lm constant_tsc arch_perfmon pebs bts aperfmperf pni dtes64 monitor ds_cpl vmx est tm2 ssse3 cx16 xtpr pdcm sse4_1 xsave lahf_lm dtherm tpr_shadow vnmi flexpriority
bogomips	: 6102.59
clflush size	: 64
cache_alignment	: 64
address sizes	: 36 bits physical, 48 bits virtual
power management:



Memory: 4k page, physical 3834228k(279724k free), swap 0k(0k free)

vm_info: OpenJDK Server VM (24.65-b04) for linux-x86 JRE (1.7.0_65-b32), built on Oct 22 2014 05:09:39 by "buildd" with gcc 4.6.3

time: Wed Nov 12 17:06:08 2014
elapsed time: 0 seconds

